[debug] [2020-12-01T12:29:08.979Z] ----------------------------------------------------------------------
[debug] [2020-12-01T12:29:08.981Z] Command:       C:\Program Files\nodejs\node.exe C:\Users\jt989\AppData\Roaming\npm\node_modules\firebase-tools\lib\bin\firebase.js serve
[debug] [2020-12-01T12:29:08.982Z] CLI Version:   8.16.2
[debug] [2020-12-01T12:29:08.982Z] Platform:      win32
[debug] [2020-12-01T12:29:08.982Z] Node Version:  v14.10.1
[debug] [2020-12-01T12:29:08.983Z] Time:          Tue Dec 01 2020 21:29:08 GMT+0900 (대한민국 표준시)
[debug] [2020-12-01T12:29:08.984Z] ----------------------------------------------------------------------
[debug] [2020-12-01T12:29:08.984Z] 
[debug] [2020-12-01T12:29:08.993Z] > command requires scopes: ["email","openid","https://www.googleapis.com/auth/cloudplatformprojects.readonly","https://www.googleapis.com/auth/firebase","https://www.googleapis.com/auth/cloud-platform"]
[debug] [2020-12-01T12:29:08.994Z] > authorizing via signed-in user
[debug] [2020-12-01T12:29:08.994Z] [iam] checking project yuri-4b6de for permissions ["firebase.projects.get"]
[debug] [2020-12-01T12:29:08.998Z] >>> HTTP REQUEST POST https://cloudresourcemanager.googleapis.com/v1/projects/yuri-4b6de:testIamPermissions  
 {"permissions":["firebase.projects.get"]}
[debug] [2020-12-01T12:29:09.850Z] <<< HTTP RESPONSE 200 {"content-type":"application/json; charset=UTF-8","vary":"X-Origin, Referer, Origin,Accept-Encoding","date":"Tue, 01 Dec 2020 12:29:10 GMT","server":"ESF","cache-control":"private","x-xss-protection":"0","x-frame-options":"SAMEORIGIN","x-content-type-options":"nosniff","server-timing":"gfet4t7; dur=588","alt-svc":"h3-29=\":443\"; ma=2592000,h3-T051=\":443\"; ma=2592000,h3-Q050=\":443\"; ma=2592000,h3-Q046=\":443\"; ma=2592000,h3-Q043=\":443\"; ma=2592000,quic=\":443\"; ma=2592000; v=\"46,43\"","accept-ranges":"none","transfer-encoding":"chunked"}
[debug] [2020-12-01T12:29:09.852Z] >>> HTTP REQUEST GET https://firebase.googleapis.com/v1beta1/projects/yuri-4b6de  
 
[debug] [2020-12-01T12:29:10.394Z] <<< HTTP RESPONSE 200 {"content-type":"application/json; charset=UTF-8","vary":"X-Origin, Referer, Origin,Accept-Encoding","date":"Tue, 01 Dec 2020 12:29:10 GMT","server":"ESF","cache-control":"private","x-xss-protection":"0","x-frame-options":"SAMEORIGIN","x-content-type-options":"nosniff","alt-svc":"h3-29=\":443\"; ma=2592000,h3-T051=\":443\"; ma=2592000,h3-Q050=\":443\"; ma=2592000,h3-Q046=\":443\"; ma=2592000,h3-Q043=\":443\"; ma=2592000,quic=\":443\"; ma=2592000; v=\"46,43\"","accept-ranges":"none","transfer-encoding":"chunked"}
[info] 
[info] === Serving from 'C:\Users\jt989'...
[info] 
[debug] [2020-12-01T12:29:10.398Z] >>> HTTP REQUEST GET https://firebase.googleapis.com/v1beta1/projects/yuri-4b6de/webApps/-/config  
 
[debug] [2020-12-01T12:29:11.847Z] <<< HTTP RESPONSE 200 {"content-type":"application/json; charset=UTF-8","vary":"X-Origin, Referer, Origin,Accept-Encoding","date":"Tue, 01 Dec 2020 12:29:12 GMT","server":"ESF","cache-control":"private","x-xss-protection":"0","x-frame-options":"SAMEORIGIN","x-content-type-options":"nosniff","alt-svc":"h3-29=\":443\"; ma=2592000,h3-T051=\":443\"; ma=2592000,h3-Q050=\":443\"; ma=2592000,h3-Q046=\":443\"; ma=2592000,h3-Q043=\":443\"; ma=2592000,quic=\":443\"; ma=2592000; v=\"46,43\"","accept-ranges":"none","transfer-encoding":"chunked"}
[info] i  hosting: Serving hosting files from: public {"metadata":{"emulator":{"name":"hosting"},"message":"Serving hosting files from: \u001b[1mpublic\u001b[22m"}}
[info] +  hosting: Local server: http://localhost:5000 {"metadata":{"emulator":{"name":"hosting"},"message":"Local server: \u001b[4m\u001b[1mhttp://localhost:5000\u001b[22m\u001b[24m"}}
[info] i  hosting: 127.0.0.1 - - [01/Dec/2020:12:29:12 +0000] "GET / HTTP/1.1" 200 4526 "-" "Mozilla/5.0 (Windows NT 10.0; Win64; x64) AppleWebKit/537.36 (KHTML, like Gecko) Chrome/87.0.4280.66 Safari/537.36" {"metadata":{"emulator":{"name":"hosting"},"message":"127.0.0.1 - - [01/Dec/2020:12:29:12 +0000] \"GET / HTTP/1.1\" 200 4526 \"-\" \"Mozilla/5.0 (Windows NT 10.0; Win64; x64) AppleWebKit/537.36 (KHTML, like Gecko) Chrome/87.0.4280.66 Safari/537.36\""}}
[info] i  hosting: 127.0.0.1 - - [01/Dec/2020:12:29:12 +0000] "GET /__/firebase/init.js?useEmulator=true HTTP/1.1" 200 - "http://localhost:5000/" "Mozilla/5.0 (Windows NT 10.0; Win64; x64) AppleWebKit/537.36 (KHTML, like Gecko) Chrome/87.0.4280.66 Safari/537.36" {"metadata":{"emulator":{"name":"hosting"},"message":"127.0.0.1 - - [01/Dec/2020:12:29:12 +0000] \"GET /__/firebase/init.js?useEmulator=true HTTP/1.1\" 200 - \"http://localhost:5000/\" \"Mozilla/5.0 (Windows NT 10.0; Win64; x64) AppleWebKit/537.36 (KHTML, like Gecko) Chrome/87.0.4280.66 Safari/537.36\""}}
